166
2 28 2
2 35 4
2 93 9
2 97 30
2 190 37
2 196 39
2 197 42
2 252 43
2 286 49
2 333 51
2 369 53
2 420 57
2 423 58
2 441 62
2 12 77
2 33 75
2 47 118
2 165 82
2 300 94
2 326 67
2 482 87
2 1 112
2 14 359
2 21 160
2 256 32
2 279 36
2 299 56
2 306 69
2 315 144
2 322 203
2 330 295
2 421 46
2 454 468
2 7 34
2 17 225
2 86 353
2 154 19
2 189 0
2 212 463
2 334 193
2 352 20
2 358 60
2 414 311
2 492 162
2 11 141
2 64 371
3 72 71 130
3 73 123 74
2 120 219
2 156 231
2 158 213
3 170 177 143
2 182 147
2 266 108
3 301 472 88
2 319 329
2 337 350
2 410 298
2 443 240
2 462 52
3 484 23 85
2 495 175
3 38 324 168
3 48 486 98
3 111 5 103
3 113 65 41
2 155 166
3 210 439 122
3 221 18 44
3 234 264 142
3 261 405 133
3 310 117 490
2 376 452
3 434 263 136
3 448 159 54
3 451 360 178
3 475 218 66
3 15 419 412
4 61 8 79 110
3 181 356 25
3 187 433 95
3 199 277 115
3 208 236 186
4 249 149 172 145
4 258 273 126 179
3 271 31 294
3 288 385 217
4 292 99 27 131
4 320 3 92 135
4 367 201 59 169
4 387 6 45 238
3 396 24 429
3 409 139 362
3 430 455 411
4 445 89 114 257
3 473 498 121
4 499 302 124 127
4 10 163 394 173
4 13 105 80 198
4 55 180 185 188
4 90 91 276 262
4 192 235 364 216
4 214 328 345 184
4 230 242 100 116
4 268 424 474 125
4 278 283 119 161
4 336 442 16 397
4 348 384 81 220
4 351 400 106 183
4 375 449 152 228
4 388 422 104 204
4 391 407 107 259
4 392 437 50 128
4 399 467 274 239
4 403 444 40 282
4 427 76 138 289
4 431 26 109 137
4 438 148 153 200
4 447 78 207 247
4 459 129 226 206
4 497 101 280 209
4 22 164 245 254
4 29 195 251 307
4 70 237 269 363
4 132 267 285 347
4 151 284 332 211
4 174 304 339 102
4 233 341 373 232
4 244 361 372 401
4 325 365 378 134
4 377 395 453 63
4 379 460 68 140
4 390 83 157 202
4 425 84 167 222
4 432 96 223 241
4 446 150 176 227
4 450 215 243 248
4 461 171 253 260
4 494 265 270 290
4 146 191 275 291
4 194 224 281 293
4 205 229 296 297
4 246 250 303 305
4 255 272 308 309
4 287 312 313 314
4 316 317 321 323
4 318 327 331 335
4 338 340 342 343
3 344 349 355
3 346 357 366
3 354 368 370
3 374 380 381
3 382 383 386
3 389 393 398
3 402 404 406
3 408 413 416
3 415 418 426
3 417 428 435
3 436 440 456
3 457 458 464
3 465 466 469
3 470 471 476
3 477 478 479
3 480 481 483
3 485 487 488
3 489 491 493
