1628
4 5357 5121 8148 5913
4 6404 421 2589 5583
4 6255 8785 6584 3629
4 9906 3987 7710 5231
4 1737 7529 4386 8197
4 2094 9487 8754 5796
4 6735 2584 1756 2395
4 998 59 6655 7923
4 2861 6312 7444 8873
4 7569 7704 6632 5515
4 9612 7262 8452 2489
4 7796 5905 398 8407
4 820 604 1248 9213
4 1729 9004 6459 8603
4 7549 7064 9529 5886
4 4848 8733 8189 6839
4 8437 9354 1524 8479
4 4449 5744 4100 1287
4 4318 4574 9620 3626
4 9483 6823 4233 6476
4 3904 5416 7108 9383
4 2545 5427 4004 847
4 3697 973 7792 9247
4 1396 2155 4041 370
4 9131 4863 4644 2061
4 3015 3135 4631 8284
4 6668 7168 44 2687
4 2222 2843 1492 5363
4 9618 2752 8287 7100
4 5570 453 1561 9765
4 2117 8775 3273 8854
4 461 1423 1385 2932
4 3505 4036 2096 5918
4 3295 5616 6640 3715
4 8004 674 666 6639
4 8591 2345 3420 9888
4 9813 6762 2598 2331
4 1556 5090 2935 5592
4 7936 3825 1114 5251
4 4695 1081 6756 8384
4 1677 9959 948 6196
4 4147 8689 5526 4194
4 5001 8119 1388 864
4 7525 4106 6613 3942
4 9818 5989 2246 8585
4 683 8911 8240 3149
4 8320 5083 9128 2968
4 4473 3484 2723 8777
4 5211 2819 132 7863
4 5052 7819 936 7369
4 2459 4670 962 7515
4 7577 876 8837 8814
4 7939 7368 7950 3656
4 752 110 3176 684
4 9256 8636 8991 7208
4 3457 2728 7290 1101
4 8392 4808 371 2212
4 2196 9267 8641 2064
4 7101 5791 3678 4916
4 281 63 2499 7198
4 6240 5602 7259 2548
4 9614 714 1491 4090
4 2475 1013 5651 9894
4 9019 3024 1004 839
4 7834 4405 3765 5048
4 7945 6170 4685 2124
4 4961 1115 5945 7937
4 1071 2008 6677 9965
4 1233 9986 3795 384
4 3302 4579 5042 3647
4 3272 9295 336 8152
4 2141 6782 4430 6495
4 7104 2070 1707 7201
4 1734 5101 5773 4702
4 7927 7135 8639 3499
4 854 1164 443 2922
4 2115 49 6702 2558
4 8058 7409 4957 4917
4 1214 7896 7825 4886
4 2080 9307 9568 5046
4 7540 7961 5214 82
4 4788 8063 6107 4964
4 1341 976 6176 5653
4 7202 1146 7313 1830
4 6381 8612 818 4874
4 3463 4509 4983 7305
4 3792 3047 3096 5295
4 5772 5982 636 3896
4 7595 3607 7757 9305
4 3940 6252 4135 3566
4 2727 2964 1353 7516
4 2228 887 3309 7543
4 2274 8485 5713 9129
4 8338 3228 1851 6168
4 1210 3293 4925 9433
4 4322 6550 4406 7136
4 8608 5310 1988 4940
4 4240 8322 1671 6935
4 71 1203 9795 8745
4 7551 5625 7 9690
4 9866 2456 1955 7145
4 1812 1450 1742 47
4 4185 4131 5219 8116
4 9527 1322 5383 594
4 3437 4141 3114 9539
4 7579 8465 9 4235
4 7326 3042 8851 4637
4 9552 1094 5873 7359
4 4167 3142 5494 9525
4 2259 1934 7231 8387
4 766 5006 1713 727
4 4655 7583 3686 8803
4 5652 532 4561 1050
4 2686 4657 2736 3357
4 2962 3072 6129 7088
4 4074 1895 62 4475
4 7715 8553 3844 723
4 9263 2481 4374 6957
4 4847 4112 3196 954
4 7083 7447 2759 8767
4 4102 9235 9917 8250
4 9532 2982 2293 2060
4 7196 1946 7648 8736
4 3519 9196 992 8375
4 8332 7308 2726 859
4 213 6882 5163 4912
4 7032 4619 2045 8010
4 4320 9946 9063 1418
4 1591 1724 1568 4076
4 6547 5777 8193 8644
4 2342 3337 7725 9966
4 5904 6611 201 120
4 850 2544 6178 2340
4 2652 4402 2642 5729
4 3689 2749 4638 5172
4 9106 1433 7643 4995
4 9119 3155 4490 7451
4 1621 6558 3648 7494
4 3170 3672 4139 9747
4 586 3542 2828 3775
4 2085 9576 8626 6571
4 3757 8478 6534 1763
4 9344 6038 3781 5686
4 6913 3257 5931 8397
4 7851 7545 676 3475
4 8601 2628 8138 7814
4 774 2300 7464 6567
4 4550 328 2870 6134
4 7148 403 3593 3112
4 3889 9542 8997 2323
4 5156 2862 4150 8267
4 8186 2795 58 4390
4 4244 2213 3376 3451
4 9302 18 9151 2814
4 4058 6467 9713 6147
4 6537 6927 9559 2036
4 7862 7079 9275 8115
4 2308 4480 8242 3869
4 4959 8187 3708 1383
4 8865 4044 9900 446
4 5081 8233 6171 9528
4 5366 8259 8849 7166
4 7316 1160 2305 3840
4 1711 8506 5845 1839
4 5609 7703 2123 3583
4 7445 2160 778 2313
4 3842 7944 9873 11
4 7673 9243 8101 1049
4 8616 8094 5540 1936
4 8079 2243 3950 5324
4 9320 654 7267 2267
4 3526 1552 9921 6359
4 245 4837 8509 5096
4 1136 1509 4284 3126
4 8430 333 9374 9514
4 2023 5854 7008 6050
4 6123 2985 8286 2944
4 8167 9605 2535 5665
4 3913 5359 9289 7953
4 5136 8036 7466 1767
4 7726 373 65 4498
4 687 6300 5209 7522
4 4551 6580 4902 3745
4 7385 3253 1845 1231
4 2282 8367 9283 2203
4 2920 2674 3106 8348
4 6777 6481 8721 9732
4 706 2817 5622 1359
4 6842 3632 3899 5919
4 9784 3618 177 6989
4 1427 4690 4965 7026
4 7922 2994 9340 5600
4 6060 9856 8563 6985
4 2718 6638 7700 7050
4 8701 7756 4151 522
4 9722 463 780 2112
4 9942 2941 6313 2572
4 593 4516 9691 9111
4 3002 7212 8047 8026
4 3083 9649 7920 8834
4 8346 1096 1085 1372
4 1996 8253 2364 2619
4 6582 3229 4582 9778
4 8697 7209 1357 1817
4 6329 745 9366 2802
4 9252 717 3368 251
4 1336 103 3356 6602
4 2571 2009 4352 3089
4 3485 8839 1861 565
4 4137 9443 5962 4951
4 6316 6426 67 9124
4 6363 4351 7629 5793
4 9779 709 8811 2905
4 6477 2647 9365 5909
4 8477 4477 9751 6
4 2351 8751 645 9585
4 5891 9123 5492 9154
4 3443 9325 6994 1787
4 7119 257 7330 2536
4 8199 1202 1340 2957
4 4259 9546 4134 7981
4 171 7671 4293 1001
4 214 8614 4867 9806
4 1976 3496 3379 7911
4 332 5593 4884 8003
4 1510 2162 3214 4222
4 2095 8947 9968 9629
4 6415 7489 8835 1701
4 1344 4357 60 6914
4 3062 877 9930 9511
4 3308 5239 5544 8163
4 188 6666 1717 1820
4 4557 9974 3750 5332
4 8200 750 8779 1740
4 8501 9363 6297 7344
4 8923 5330 8529 5236
4 5149 5244 9545 7613
4 1975 2776 7391 9550
4 5518 4727 7057 8658
4 5733 1351 296 6342
4 6956 6188 5991 9166
4 7934 1505 5970 4711
4 321 7439 2575 4717
4 1564 4977 7153 7210
4 1800 9426 1883 9962
4 8651 1364 8168 6738
4 924 5758 7415 8607
4 3730 7677 9419 1522
4 4331 1965 1747 5488
4 4696 8431 7647 1743
4 8040 1249 7972 8449
4 2245 5529 4161 5728
4 3120 8990 9341 2509
4 4572 8056 5131 791
4 8915 6616 5720 301
4 3579 2043 1714 3655
4 4415 1061 7699 797
4 5028 2265 2809 6419
4 5808 3473 8548 55
4 5683 767 631 3306
4 5835 3087 8579 9397
4 96 6627 7824 8418
4 2573 1673 7250 7524
4 5074 902 3830 9271
4 6042 8866 9797 773
4 6273 1178 3834 9626
4 9569 5155 8470 4600
4 264 3845 385 6742
4 1200 6144 4367 6410
4 1523 197 4870 9853
4 2952 3223 2089 1636
4 1889 8625 3167 5553
4 9566 6336 8487 6226
4 1508 407 875 2055
4 6309 6377 8702 8132
4 9572 3137 6384 9746
4 3978 9250 9718 3557
4 4960 7567 8183 7302
4 8659 3870 6192 5308
4 9048 3271 7155 5375
4 1476 1810 5864 1948
4 3905 3791 8940 7436
4 7748 4524 9952 9843
4 730 3673 4649 278
4 2612 4079 2353 4200
4 5610 6058 6769 5476
4 1228 2486 9689 4043
4 1998 8671 4527 8297
4 4861 3944 2000 3857
4 283 6198 1483 3
4 3001 1912 7443 6028
4 6747 8707 7412 9265
4 1429 3367 3997 85
4 7253 8172 1853 7103
4 9871 6662 9078 7118
4 2912 1140 5207 1040
4 5170 7880 6010 4607
4 432 4532 5849 915
4 8204 6578 9755 884
4 8677 5203 2927 3518
4 9507 1720 6146 3561
4 263 6981 5803 1587
4 836 8453 4179 7095
4 3278 4469 6012 9695
4 4706 8670 8683 3375
4 3028 1378 995 3728
4 6483 1708 7296 1037
4 8442 6110 3885 3362
4 513 634 6498 9908
4 3022 464 4307 8929
4 6320 4883 4617 4565
4 7696 1821 1681 8964
4 7978 3037 1253 7759
4 1224 3508 8895 1116
4 2585 7603 6757 8692
4 7319 7861 7618 5174
4 7617 5197 6296 6444
4 2877 3877 8932 9880
4 4474 8750 4871 520
4 6370 4038 6367 4786
4 8722 1684 9359 1073
4 3736 559 2627 3248
4 1117 1152 9464 137
4 1526 7536 8524 7041
4 1542 8328 3853 5902
4 1923 1484 3511 2937
4 2939 5785 7870 2798
4 1154 5462 1571 4439
4 9599 8874 3544 7463
4 2488 4521 5278 8637
4 3892 174 4292 4668
4 4361 8956 2592 8466
4 4975 7178 5823 3055
4 7678 916 1833 6605
4 7823 9197 9425 1712
4 1261 6656 8516 9961
4 3107 1361 5441 9984
4 5341 7255 6389 5998
4 5547 172 846 7130
4 5839 1726 6231 5705
4 9769 6938 5446 9907
4 9849 4946 17 6856
4 56 5941 5250 8527
4 970 2600 6577 9014
4 2566 3769 7363 7740
4 6220 7238 529 4627
4 6965 5548 2185 688
4 5378 5503 1430 5151
4 760 451 8714 1765
4 2368 2106 10 6583
4 7215 145 3746 4731
4 3050 9350 525 9450
4 4604 1122 844 4663
4 6715 1570 1234 5325
4 297 3969 6526 1601
4 738 3134 208 164
4 3516 9741 2221 4093
4 5563 2165 2716 1487
4 8363 9092 8673 1963
4 8931 923 6205 5017
4 5271 1827 6752 8059
4 5649 1197 9597 6364
4 9168 5118 7218 5579
4 556 139 3540 9161
4 912 926 6266 211
4 2766 6540 7558 9214
4 7624 8239 4491 4126
4 7778 9895 3104 1589
4 2407 9182 6133 6396
4 7149 5948 5013 8833
4 9121 5574 2007 9390
4 117 5899 6451 7518
4 2295 1648 8161 1010
4 2649 5627 7692 3691
4 3258 7499 2309 8044
4 4990 8081 4230 628
4 2484 3674 8824 7983
4 5007 5056 2127 9776
4 2804 7152 6645 8617
4 6052 6149 5875 6102
4 7839 480 6721 9135
4 8650 87 642 8653
4 9246 9594 6623 4555
4 2879 2848 7204 9852
4 7346 8293 8247 8198
4 2555 656 2811 5879
4 6680 9490 7278 6256
4 1015 6036 8305 7318
4 1825 7151 2836 9414
4 2590 3029 9719 6685
4 3276 1876 5824 3828
4 3932 1847 6157 8609
4 2125 6215 2872 178
4 3608 597 6731 1735
4 7752 3677 5513 289
4 9588 4859 3239 6703
4 900 1943 8606 9580
4 1866 28 9286 1620
4 3973 9471 4650 3527
4 7954 3692 3480 1856
4 206 2516 6193 1129
4 5487 931 7888 2538
4 1159 7375 2697 1464
4 4671 1393 6152 6053
4 8652 9382 1632 6206
4 590 6350 8134 2226
4 1056 834 9276 1311
4 4170 5815 1819 307
4 8578 3891 5559 5061
4 9499 5058 8434 4522
4 3808 1205 8258 3092
4 4573 1994 7475 3132
4 6531 2999 9241 3895
4 4496 6741 9407 3573
4 4792 6984 142 8342
4 5981 151 6443 7764
4 6111 9637 1874 2732
4 124 5094 1642 8537
4 1260 7875 8468 1718
4 1877 9238 8035 4814
4 4054 3980 4725 8684
4 53 2428 7105 7777
4 4933 236 589 9761
4 290 7542 2020 3839
4 1562 8967 2490 9748
4 1888 4611 2705 9165
4 2190 9799 4091 4661
4 4997 9326 7734 7610
4 6228 1884 4055 6932
4 2091 4865 4857 9675
4 6306 7361 4636 4692
4 7413 6676 253 9714
4 7512 5371 7993 2854
4 1704 7884 5710 8032
4 4442 5644 4989 6628
4 5418 9602 8907 9864
4 9730 3297 6326 4381
4 4592 7219 4774 5235
4 6651 6849 7003 2765
4 9530 7286 4703 7659
4 540 2241 6155 1445
4 4875 1440 9896 6557
4 7406 1837 9376 5044
4 362 735 7090 5794
4 648 4926 4716 2565
4 1282 2254 8176 7733
4 3558 4066 4410 898
4 3912 7074 8423 2006
4 3924 8123 4363 1595
4 5517 5035 2400 4559
4 2887 6827 6733 2806
4 3654 3945 3802 6365
4 4187 2461 9016 3422
4 4506 9523 1598 5020
4 7526 7662 7841 4656
4 9976 4904 3531 7594
4 1023 9650 6380 7037
4 3553 6794 5474 5916
4 4771 4089 9922 8241
4 5671 4064 6976 6366
4 534 3498 5530 2081
4 3567 6289 5389 7374
4 7382 2320 1723 6800
4 358 1467 7356 1533
4 1339 1406 1471 8333
4 2457 5355 1422 6528
4 4773 147 6436 6076
4 6673 3906 622 7683
4 1332 8597 9043 9848
4 4412 9220 210 9988
4 5205 9368 5898 5086
4 7432 2375 6988 3145
4 9453 689 3704 6490
4 404 1609 7310 4495
4 960 2783 3760 4720
4 4879 5336 2907 8715
4 7914 5457 7821 4639
4 8432 4375 9879 5489
4 8861 9456 146 8648
4 33 1584 4478 7785
4 489 8019 9361 7943
4 6361 5178 7419 9192
4 6857 8889 7534 4011
4 909 5551 3718 6514
4 3323 2389 2401 5901
4 6778 9468 4766 7818
4 8376 5869 2874 150
4 8938 8894 8043 3582
4 2381 1021 4452 9072
4 2462 3244 9561 6585
4 5633 8845 396 2398
4 7426 9726 3914 2129
4 7768 8898 1930 9631
4 8153 7230 3882 3983
4 737 2260 7249 8150
4 3617 6784 9429 5856
4 7530 6340 7175 8299
4 9684 3595 6202 8823
4 1529 835 2191 3153
4 6016 7592 3299 5255
4 9703 5776 635 5085
4 1512 198 7917 3352
4 1922 5467 8425 8325
4 3559 6208 8746 7770
4 4026 3966 5920 4057
4 4953 7990 6870 9122
4 8954 1952 5461 5556
4 39 5865 8712 6466
4 3371 7454 5380 711
4 7013 3749 4124 7596
4 8679 7010 8682 9062
4 9143 9971 4907 6705
4 9222 4467 2134 5522
4 1090 359 804 4202
4 1886 3188 9221 9667
4 3985 7116 9606 5832
4 4823 32 4704 5756
4 6834 512 3129 4016
4 947 9734 7956 6649
4 3075 5531 45 1507
4 3339 7480 678 5615
4 5724 3136 2924 3428
4 7966 8238 6184 9549
4 9802 4640 1761 5908
4 1822 7689 2024 2707
4 3564 2167 6724 7221
4 9091 3011 1100 4208
4 9183 4887 170 9828
4 149 6574 1347 5566
4 2277 6700 7970 7220
4 3811 7809 2148 7876
4 5896 2343 7964 9891
4 6421 8276 1908 3020
4 8519 9868 7186 3991
4 300 3322 1256 9173
4 6243 5047 6873 2467
4 7731 3694 8264 5954
4 0 6811 6203 849
4 313 5939 5451 2983
4 1382 4514 6637 8562
4 3641 5584 6446 9096
4 4465 6160 5164 471
4 6264 8632 6015 3121
4 8196 6659 611 9633
4 8263 9573 2198 4340
4 2278 3724 4992 1174
4 6248 6681 4659 3818
4 9459 9299 7424 6903
4 1047 9996 8908 8752
4 2495 5277 8517 5721
4 2672 1199 5166 8801
4 4335 7984 9978 5763
4 4708 6522 6596 6553
4 4949 8027 1181 7975
4 9752 9987 1157 5449
4 1044 8711 5657 2875
4 6726 2367 2337 3127
4 6942 7386 541 3681
4 8133 9068 1569 5240
4 9583 1179 9328 7384
4 4215 6648 7425 9836
4 5040 1593 9210 7727
4 5860 5947 4419 3203
4 433 1106 1668 8222
4 708 6719 4511 3517
4 1411 5173 5362 6492
4 3226 2506 4456 3412
4 6017 1381 7509 2296
4 6112 5836 9721 9038
4 562 4790 5536 6351
4 2062 3894 1616 5730
4 6022 514 4286 6478
4 7521 3031 2702 3330
4 8143 8667 5813 8336
4 825 8210 6246 8160
4 1840 7500 6713 8031
4 3563 355 204 7555
4 2025 4052 8202 9995
4 2601 2120 8413 4206
4 5157 8696 955 8810
4 5496 8828 465 3004
4 8863 8864 889 2437
4 9486 968 608 3105
4 1400 70 7729 3809
4 1751 5198 8139 8977
3 1768 6280 4228
3 4359 2954 4188
3 4958 1535 4742
3 7877 1843 7633
3 1012 2159 2329
3 1409 240 5606
3 3596 5872 9920
3 4092 8006 6275
3 6051 4943 9935
3 6864 2033 9600
3 7751 6960 8089
3 8876 9028 1321
3 234 3235 9446
3 530 4858 7995
3 919 5368 1640
3 2578 8919 2762
3 3657 131 4046
3 3972 7397 9269
3 4801 9198 5082
3 6263 2746 4000
3 9418 8215 3926
3 270 3311 2949
3 430 6008 456
3 431 1062 9187
3 5751 9716 7924
3 6576 7614 8454
3 9519 3939 9768
3 97 6097 2661
3 372 2604 2193
3 500 1939 1036
3 620 1750 6964
3 978 9699 9332
3 1330 2072 6161
3 2786 2977 4942
3 5208 9201 673
3 6698 9767 3956
3 8137 1980 4798
3 136 4534 9538
3 439 5986 9431
3 1259 9086 4221
3 1744 2632 7663
3 4301 9398 7407
3 4796 2514 8401
3 5191 8447 3212
3 6003 2694 8383
3 6761 9656 2102
3 6890 6565 5482
3 7170 2713 9584
3 885 2772 6844
3 1475 2074 7457
3 1519 6835 2595
3 1796 5245 1649
3 3590 956 3370
3 6824 8252 7991
3 8180 9413 5752
3 8822 37 1546
3 9944 3344 6137
3 24 8435 3060
3 183 4104 6809
3 1318 6352 6121
3 1961 3793 2953
3 2399 1279 8568
3 3280 6887 86
3 8326 1694 7812
3 2207 2891 5732
3 4238 2297 3822
3 4387 4635 5666
3 4502 8037 1983
3 4777 9855 5994
3 6197 7800 6450
3 6463 7895 9083
3 7674 2881 4783
3 7881 9075 6302
3 8859 1755 3364
3 457 4839 487
3 7461 7554 1538
3 7471 4358 756
3 7586 602 9009
3 9036 6963 8314
3 458 3543 4399
3 4248 4595 4596
3 4400 6959 3347
3 5168 7357 8093
3 5897 7362 2144
3 6972 7320 3951
3 7410 2608 6915
3 7724 4434 8815
3 8900 9047 9137
3 335 2149 462
3 2210 3052 1371
3 2596 7206 1536
3 2903 8766 6332
3 3141 392 4069
3 4116 8353 9035
3 5024 6311 2785
3 6471 4339 2741
3 7094 9094 2028
3 7387 801 9215
3 8930 9114 9564
3 221 3021 4504
3 2610 6506 3875
3 2956 40 9838
3 6353 6818 9651
3 8486 1161 5181
3 9578 6925 2859
3 1678 5233 8028
3 1688 2892 7078
3 2837 2412 3887
3 3651 5066 502
3 3789 6448 739
3 4994 802 8663
3 5628 4982 4097
3 6127 7850 9659
3 7602 6175 4736
3 7889 2059 840
3 31 9709 725
3 168 6148 7959
3 1453 6328 2469
3 4877 842 6725
3 6232 9820 511
3 1009 1778 9540
3 1426 2307 7557
3 2683 5106 9993
3 2685 2101 7859
3 4291 7632 3012
3 4688 5125 7742
3 6229 7694 8438
3 6944 9394 6473
3 8543 325 644
3 8737 393 2169
3 78 4549 615
3 152 639 229
3 343 3841 9678
3 402 4488 5817
3 1220 1959 3318
3 5128 8022 8426
3 6699 8576 4689
3 7960 1043 9223
3 9015 7971 9227
3 9595 4567 1165
3 613 7395 5959
3 1869 2950 68
3 4787 5631 9489
3 5558 4099 3743
3 5719 34 5422
3 8804 7423 1377
3 793 5676 5882
3 848 5190 8097
3 2388 8643 7803
3 4031 726 4826
3 6034 8256 467
3 8950 1080 7631
3 953 1979 3123
3 1807 2242 7314
3 2472 9957 7697
3 3555 3903 1167
3 3679 6315 7994
3 4855 6746 305
3 4880 579 6005
3 6952 3515 7132
3 7532 413 4723
3 8903 252 4811
3 13 5731 5850
3 20 5881 6225
3 640 1892 6452
3 1270 2002 8398
3 3698 4969 153
3 5443 3396 7176
3 7430 7581 3509
3 9887 76 4173
3 9892 1590 6479
3 477 4298 8629
3 860 1502 2137
3 2164 2304 5212
3 2215 5951 6189
3 2669 740 6357
3 4047 6922 5863
3 7666 2929 9337
3 8571 9274 9280
3 9475 57 649
3 346 6046 7826
3 3621 4750 193
3 3665 4078 6095
3 4267 293 3246
3 4451 6563 83
3 5950 6674 1369
3 6291 1549 3449
3 7496 1586 937
3 395 2527 4245
3 414 3233 2232
3 1953 2898 7252
3 2019 2432 7713
3 2358 4155 7036
3 2629 3581 7951
3 4246 4279 4554
3 4679 1416 3761
3 4922 5161 9524
3 5146 8212 3902
3 5829 949 3161
3 7906 8206 9830
3 1276 5346 8821
3 2799 4662 3261
3 3146 7024 6210
3 4249 554 5895
3 5026 6740 9234
3 6104 568 9105
3 6544 868 1504
3 7565 7804 1194
3 8456 9065 9157
3 8986 1084 1286
3 1650 4314 6244
3 2531 2634 9526
3 2533 2824 1793
3 2751 16 3748
3 3482 7194 3930
3 3504 3838 4030
3 4311 23 7653
3 4747 4856 1532
3 9313 2668 3911
3 444 4653 7813
3 1516 4537 9333
3 2529 3263 3332
3 3431 3773 6270
3 3806 5714 9635
3 5200 7743 1031
3 5387 8675 1118
3 6630 1032 1514
3 7197 1250 9680
3 7236 4398 6294
3 8229 9543 1986
3 8498 4767 9458
3 9294 2047 4328
3 982 1527 4501
3 2303 3174 2442
3 4176 7490 7963
3 5401 8277 6612
3 5672 6664 7018
3 6258 8965 9692
3 8440 9496 9488
3 9810 675 8642
3 1201 4578 2264
3 1296 4623 6510
3 1452 1891 2671
3 3316 4841 9958
3 4001 6245 2143
3 4892 6828 1618
3 4914 7150 6962
3 5237 8201 6494
3 6920 2422 8179
3 7559 3824 6569
3 8355 2712 3125
3 8952 499 6693
3 9551 1027 8289
3 1606 3880 6822
3 3513 6430 365
3 4713 5834 5043
3 4935 5175 6744
3 5059 5373 6852
3 5199 5980 4898
3 8654 9260 3407
3 8727 4775 9251
3 8729 9085 8235
3 9711 4144 8918
3 225 459 4447
3 858 4164 7622
3 3099 6093 2328
3 3747 5641 8177
3 4605 9002 9858
3 5769 30 6130
3 7761 9022 3147
3 8067 4407 123
3 9149 6604 5400
3 115 185 1898
3 3570 7237 7418
3 4095 9655 1058
3 5097 7828 2335
3 7957 8593 9272
3 8808 3274 8567
3 8897 1806 6846
3 8981 2402 5098
3 1951 3547 7600
3 4562 6118 7849
3 6600 8382 5471
3 9181 1669 1865
3 9611 9985 94
3 9624 1978 7665
3 576 1110 7721
3 1132 6766 7899
3 2235 2570 7190
3 2946 4156 1639
3 3355 6126 5077
3 4482 4558 2220
3 5831 8108 9073
3 6002 6323 6727
3 6398 8756 2205
3 6590 8978 4197
3 6851 2046 2466
3 7048 4325 4546
3 8472 4840 3587
3 2240 7085 8129
3 4694 6472 7616
3 5442 7273 8734
3 6078 6090 7315
3 6669 7127 1288
3 6899 8340 6711
3 6993 7868 5505
3 7247 8753 9338
3 8388 896 1754
3 8393 473 5944
3 8806 2591 8572
3 9771 1835 5812
3 9927 2582 9859
3 2333 7329 1271
3 3078 4804 2216
3 3615 3883 1848
3 4489 6304 2105
3 5019 6223 7805
3 5041 6524 7634
3 7693 3506 5323
3 8372 899 1137
3 9613 9745 5621
3 160 516 2730
3 1266 6774 143
3 1774 4564 2911
3 2294 7460 22
3 8640 419 7815
3 101 1192 6356
3 1212 1849 4308
3 1313 3884 5189
3 2234 2549 4172
3 3265 3324 7491
3 3664 5800 6697
3 3878 5613 9003
3 5140 6990 8573
3 5460 9013 6560
3 5702 6739 2754
3 6671 9877 3281
3 7275 1086 5276
3 9603 9948 1653
3 2136 4746 8996
3 2199 417 5134
3 2237 6803 7686
3 3038 4312 8994
3 3439 753 2453
3 3933 7123 2781
3 7121 8021 9134
3 558 1699 5268
3 906 2390 5171
3 2793 3402 8773
3 3097 3578 6064
3 3849 5397 3782
3 4217 7931 550
3 4255 1656 6831
3 6063 9029 4918
3 6581 9679 3873
3 9261 1127 1488
3 9744 2417 5598
3 381 1480 4136
3 796 1170 1093
3 1461 4818 6023
3 2016 2268 828
3 2289 5523 9194
3 2852 5426 8084
3 4196 5903 6595
3 4394 4599 8716
3 5234 8411 9844
3 6035 6414 8316
3 6636 1783 2951
3 7510 9008 3131
3 9230 472 3491
3 159 2621 3817
3 219 2406 2444
3 1172 1624 4678
3 2775 3381 6520
3 3888 4613 4630
3 5246 5253 6261
3 6096 6132 7400
3 7117 7786 8049
3 7233 8759 1814
3 8166 133 1404
3 8464 9901 1985
3 8789 8793 279
3 9759 893 2068
3 217 1627 4094
3 845 3262 4910
3 1665 3300 6227
3 1867 2334 3334
3 2731 3965 8633
3 3442 6373 1836
3 3783 5736 6432
3 5770 6517 6529
3 6953 1208 4932
3 7309 7684 1221
3 7788 8618 2750
3 7903 8539 3401
3 8987 1781 2281
3 218 1801 3584
3 610 3312 1899
3 2065 3744 5577
3 2554 2987 401
3 2711 4088 4479
3 3721 5586 2722
3 4193 6180 9535
3 4487 5313 7675
3 5391 5398 1904
3 5917 3445 3539
3 5966 7501 5972
3 7925 7969 9534
3 8165 9502 4894
3 9575 990 6417
3 651 669 7388
3 1184 3862 7898
3 1646 3927 7110
3 5064 5370 545
3 5104 5132 7980
3 6586 89 4544
3 6812 2326 3929
3 7371 9200 2376
3 8665 1638 7065
3 9660 934 2184
3 1292 3947 7502
3 1716 2464 3216
3 2947 4428 8638
3 3076 3085 9882
3 3124 4529 249
3 3411 4538 5594
3 4981 7289 8694
3 5481 9754 144
3 5599 771 2173
3 7672 163 292
3 7695 977 8525
3 9770 757 1130
3 9846 1928 3424
3 9941 1299 7907
3 827 1683 5345
3 1935 2560 3521
3 2087 4628 6405
3 3017 3807 6259
3 4669 5511 7043
3 6770 8015 9156
3 7664 7902 8584
3 8268 9209 2567
3 8842 207 1120
3 8934 930 2022
3 9356 304 5122
3 894 1138 1870
3 1469 2057 3115
3 2050 2480 6805
3 2463 2835 3580
3 2990 4163 6973
3 4833 7096 9670
3 6068 6409 6958
3 6307 6497 4553
3 7177 8732 241
3 7608 9140 316
3 7744 1331 5429
3 9089 199 5804
3 157 691 6331
3 288 4842 7553
3 618 1209 7014
3 2011 4882 8709
3 3313 3610 3941
3 4149 7223 7274
3 4646 728 865
3 7134 7962 2179
3 8273 8776 7216
3 8853 9860 2564
3 9785 3353 7640
3 287 643 2227
3 356 3893 5725
3 3178 4948 5514
3 3186 3541 4337
3 4392 5192 6897
3 6301 6541 1227
3 6425 7163 7544
3 7642 8298 8409
3 7878 8886 9152
3 8068 9225 2418
3 8502 9491 1971
3 9179 862 1574
3 108 616 4226
3 819 1958 4355
3 1277 1652 4789
3 1841 4468 5254
3 2288 2805 5329
3 3006 4714 5206
3 3753 5060 5718
3 5182 5578 5663
3 5550 6513 7019
3 6213 8870 1809
3 6387 6904 9367
3 7229 9647 9710
3 7298 7546 1495
3 7795 186 2563
3 8534 8645 867
3 9100 9863 2163
3 9406 733 3425
3 425 784 3536
3 2239 4508 4598
3 2841 4143 5848
3 3438 3798 5424
3 4634 5658 7948
3 5534 5612 9553
3 5741 6796 347
3 5825 6087 8141
3 5952 7087 800
3 6629 8310 8941
3 6814 9172 9617
3 8740 769 1376
3 9232 9329 348
3 9870 1563 3712
3 9885 378 1479
3 226 1700 5958
3 1615 1661 2318
3 2201 2435 3209
3 2344 4693 4791
3 2577 2689 6620
3 3208 5573 6484
3 3812 5510 7091
3 5611 8564 9570
3 5771 9423 9590
3 7349 9582 789
3 7556 128 1099
3 9158 383 719
3 189 2152 4290
3 1403 4403 415
3 1685 3917 4518
3 4726 6748 7365
3 4906 6125 7441
3 4986 7333 7799
3 6253 8309 9314
3 7434 8103 9876
3 8321 9555 441
3 8771 9346 1235
3 9862 958 1949
3 349 1196 4709
3 633 1494 3213
3 1131 1788 4211
3 1909 2451 2586
2 2012 5183
2 2470 4939
2 5294 5316
2 5409 6917
2 6692 7758
2 6701 7140
2 7060 7580
2 7459 7541
2 7835 8493
2 7946 8086
2 8064 9954
2 8347 863
2 9205 703
2 9819 203
2 291 361
2 831 1188
2 1119 1180
2 1230 1284
2 1679 1799
2 1868 2878
2 1993 2382
2 2356 2550
2 3327 3784
2 3859 5343
2 3860 4996
2 3949 5148
2 5379 8686
2 6279 6456
2 6457 8080
2 8282 8960
2 8379 9737
2 9323 4
2 280 693
2 388 405
2 509 782
2 935 1335
2 1105 2384
2 1323 1611
2 1732 1818
2 2035 2483
2 2498 4621
2 3247 3821
2 5410 6843
2 5694 7507
2 5779 8406
2 7479 7669
2 7807 7965
2 8412 227
2 8726 9372
2 8875 1046
2 9999 200
2 258 1111
2 268 2324
2 922 1074
2 1133 2378
2 1135 2789
2 2579 3394
2 3787 4254
2 4330 4344
2 4632 4633
2 4664 4675
2 4734 4950
2 5051 5833
2 5699 6085
2 6233 7307
2 6407 8970
2 7251 318
2 7753 8784
2 8410 8985
2 8955 9102
2 9663 662
2 9807 376
2 811 983
2 1029 1553
2 1987 2086
2 2311 2373
2 2386 2405
2 2541 2942
2 3292 4107
2 3386 3639
2 3389 3922
2 4461 4979
2 5356 6500
2 5844 5977
2 6635 7791
2 6983 8523
2 7667 8461
2 8791 9636
2 9604 342
2 9701 9724
2 9742 173
2 491 741
2 794 2030
2 2410 2508
2 2676 2715
2 3199 3385
2 3827 4425
2 4371 7322
2 5005 5177
2 5327 6158
2 6371 6434
2 7092 7399
2 8164 8602
2 8374 8491
2 8731 9162
2 9148 9186
2 9533 9557
2 9632 621
2 9644 9717
2 409 872
2 1534 1918
2 1992 2883
2 2825 3008
2 3756 3819
2 3866 4220
2 4273 4369
2 4810 5413
2 5187 5266
2 5885 6242
2 6254 6420
2 6647 7627
2 7340 7820
2 7706 7992
2 8136 8872
2 8725 821
2 9342 9773
2 69 917
2 148 984
2 195 1206
2 1045 1329
2 1063 1415
2 1439 2934
2 1554 1705
2 1897 1969
2 2747 3225
2 3267 3799
2 3794 3935
2 4323 4978
2 4435 4651
2 5073 5210
2 5399 5643
2 5957 6678
2 7069 8857
2 7228 7636
2 7712 7832
2 9282 312
2 9609 435
2 9977 483
2 437 605
2 508 652
2 901 1610
2 1731 2172
2 2166 2427
2 2503 3058
2 2803 2873
2 2884 3144
2 3227 3466
2 3474 4237
2 3620 4260
2 4032 4103
2 4214 4356
2 4535 5045
2 4807 5167
2 5265 5361
2 5470 7165
2 5840 5853
2 5883 6234
2 5979 6480
2 6174 6499
2 7033 7243
2 7093 7393
2 7264 7938
2 7276 7736
2 7408 8613
2 7547 9963
2 8728 8879
2 8758 194
2 9159 9327
2 9362 1654
2 179 2330
2 987 2425
2 1305 2996
2 2500 3636
2 4224 5350
2 4372 4758
2 4822 4860
2 5340 5745
2 5508 6077
2 6654 6841
2 6675 6901
2 7097 7172
2 7416 7588
2 7793 8142
2 7915 8395
2 8507 8535
2 8570 8778
2 8770 9070
2 8780 9011
2 9775 9787
2 9822 111
2 118 184
2 192 209
2 303 1142
2 596 2170
2 2206 3476
2 2556 3082
2 2769 3530
2 3879 4891
2 3984 4732
2 4577 6853
2 4890 4972
2 6187 7059
2 7427 7789
2 7639 8144
2 8117 8311
2 8786 9749
2 8877 9380
2 9415 729
2 478 482
2 1614 1728
2 1831 2520
2 3044 3189
2 3777 4175
2 4285 4376
2 5067 7086
2 5107 5557
2 5279 6128
2 6141 7098
2 7561 7856
2 7578 7883
2 7942 8038
2 8114 8961
2 8224 8405
2 8361 8417
2 8975 9264
2 9218 9571
2 9421 9931
2 121 274
2 230 908
2 1485 1695
2 1517 2512
2 1972 2771
2 2485 2808
2 2812 4523
2 2974 3716
2 3493 3717
2 3727 4952
2 4724 5747
2 5696 6614
2 5906 5993
2 5983 6902
2 6156 6308
2 6411 7075
2 7590 7741
2 8061 8244
2 8135 9556
2 8272 9436
2 156 1350
2 781 1496
2 1625 3685
2 2039 2098
2 4232 4470
2 4699 4899
2 5483 6177
2 5504 6682
2 6559 7077
2 6720 6833
2 6937 7045
2 7187 7483
2 7606 7847
2 8002 8462
2 8009 256
2 8075 8530
2 9031 9793
2 61 311
2 424 507
2 574 833
2 1177 1226
2 1283 1937
2 1749 2110
2 2271 2272
2 2532 2602
2 2827 3635
2 4063 4098
2 4333 4845
2 5213 5304
2 5533 5727
2 5617 5870
2 6265 6429
2 6428 6545
2 6607 7730
2 7017 7864
2 8011 8045
2 8110 8561
2 8220 8542
2 8500 9736
2 8698 8797
2 8880 81
2 9126 428
2 682 866
2 795 1006
2 1171 1326
2 1501 1513
2 1634 1753
2 1696 1917
2 1804 1984
2 2231 2298
2 2447 3023
2 2657 4297
2 3053 3059
2 3108 3690
2 3307 4427
2 4440 5158
2 4588 4876
2 4913 5023
2 4966 4980
2 5260 5262
2 5377 5382
2 5783 5938
2 6026 7248
2 6971 7404
2 7068 8494
2 7337 7533
2 7550 8556
2 8159 8635
2 8868 9301
2 9357 9686
2 9457 406
2 9498 803
2 538 1166
2 903 1622
2 959 1703
2 1789 2252
2 3268 3993
2 3469 5480
2 4262 4305
2 5008 5754
2 5907 6551
2 6075 6293
2 6539 6998
2 7022 7138
2 7030 7292
2 7139 7367
2 7682 7711
2 7830 7833
2 7929 8190
2 8441 8473
2 8850 8924
2 9007 9296
2 9521 9910
2 9932 182
2 1275 1762
2 1307 2583
2 1932 2357
2 2310 2393
2 2673 3266
2 2900 3361
2 3205 4591
2 3534 3846
2 4770 5472
2 5585 5910
2 5632 6021
2 6098 6237
2 6257 8555
2 6412 6617
2 7067 7584
2 7453 7514
2 8592 8968
2 9823 658
2 603 668
2 1149 1191
2 1824 2138
2 2645 3286
2 3154 3416
2 3705 4060
2 3854 3963
2 4019 4048
2 4283 4453
2 4793 4893
2 4830 4923
2 4843 5693
2 4851 5010
2 5281 5900
2 5926 6848
2 6393 6519
2 6533 6799
2 6859 7102
2 7129 7688
2 7281 9042
2 7523 9577
2 9044 9698
2 9548 25
2 224 275
2 341 452
2 698 1190
2 921 1612
2 1770 1878
2 2026 2385
2 2546 2664
2 2899 3382
2 2928 2961
2 3169 3810
2 3591 3994
2 3611 3803
2 4236 4911
2 4571 5100
2 5430 6222
2 5640 6040
2 6454 6643
2 6961 7574
2 7000 8001
2 7071 7985
2 7658 9297
2 8085 8541
2 9189 9411
2 9311 27
2 9861 238
2 9914 54
2 319 468
2 526 582
2 659 746
2 886 972
2 1302 2153
2 1775 2656
2 2280 2662
2 2709 3454
2 3523 3619
2 3696 4009
2 3719 3990
2 4691 5809
2 5538 5838
2 5828 6119
2 6031 6185
2 6195 6334
2 6290 7852
2 6509 6592
2 6862 6923
2 7782 7890
2 8000 8231
2 8334 9146
2 8554 9059
2 9101 9229
2 9204 9270
2 9554 180
2 9972 412
2 999 1134
2 1316 1777
2 1667 1873
2 2038 2980
2 2525 3156
2 3413 3754
2 4209 4821
2 4525 5386
2 5549 5635
2 6199 6516
2 6283 6391
2 6491 6772
2 6850 7504
2 7011 8109
2 7261 7488
2 8034 9024
2 8118 9825
2 9720 379
2 9933 422
2 573 1087
2 1237 1725
2 1308 2010
2 1880 2154
2 2758 3645
2 3383 3843
2 4034 4252
2 4132 4520
2 4174 4556
2 4581 4987
2 4705 5257
2 5014 5227
2 5697 5778
2 5859 6163
2 5949 6792
2 7222 8098
2 8318 8546
2 8344 8508
2 8757 9336
2 9150 9400
2 154 533
2 360 583
2 911 1290
2 986 1374
2 1401 1664
2 1915 1964
2 2431 2733
2 2706 2858
2 3201 3628
2 3340 3643
2 3546 4062
2 3788 4438
2 4976 5049
2 5029 5108
2 5153 5342
2 5406 5466
2 5527 5539
2 5619 5820
2 6631 7005
2 7042 7822
